Determining if the pthread_create exist failed with the following output:
Change Dir: /home/stitch0001/catkin_WS/src/project_stitch/CMakeFiles/CMakeTmp

Run Build Command:"/usr/bin/make" "cmTC_ee5e5/fast"
/usr/bin/make -f CMakeFiles/cmTC_ee5e5.dir/build.make CMakeFiles/cmTC_ee5e5.dir/build
make[1]: Entering directory '/home/stitch0001/catkin_WS/src/project_stitch/CMakeFiles/CMakeTmp'
Building C object CMakeFiles/cmTC_ee5e5.dir/CheckSymbolExists.c.o
/usr/bin/cc    -o CMakeFiles/cmTC_ee5e5.dir/CheckSymbolExists.c.o   -c /home/stitch0001/catkin_WS/src/project_stitch/CMakeFiles/CMakeTmp/CheckSymbolExists.c
Linking C executable cmTC_ee5e5
/usr/bin/cmake -E cmake_link_script CMakeFiles/cmTC_ee5e5.dir/link.txt --verbose=1
/usr/bin/cc      -rdynamic CMakeFiles/cmTC_ee5e5.dir/CheckSymbolExists.c.o  -o cmTC_ee5e5 
CMakeFiles/cmTC_ee5e5.dir/CheckSymbolExists.c.o: In function `main':
CheckSymbolExists.c:(.text+0x14): undefined reference to `pthread_create'
CheckSymbolExists.c:(.text+0x18): undefined reference to `pthread_create'
collect2: error: ld returned 1 exit status
CMakeFiles/cmTC_ee5e5.dir/build.make:97: recipe for target 'cmTC_ee5e5' failed
make[1]: *** [cmTC_ee5e5] Error 1
make[1]: Leaving directory '/home/stitch0001/catkin_WS/src/project_stitch/CMakeFiles/CMakeTmp'
Makefile:126: recipe for target 'cmTC_ee5e5/fast' failed
make: *** [cmTC_ee5e5/fast] Error 2

File /home/stitch0001/catkin_WS/src/project_stitch/CMakeFiles/CMakeTmp/CheckSymbolExists.c:
/* */
#include <pthread.h>

int main(int argc, char** argv)
{
  (void)argv;
#ifndef pthread_create
  return ((int*)(&pthread_create))[argc];
#else
  (void)argc;
  return 0;
#endif
}

Determining if the function pthread_create exists in the pthreads failed with the following output:
Change Dir: /home/stitch0001/catkin_WS/src/project_stitch/CMakeFiles/CMakeTmp

Run Build Command:"/usr/bin/make" "cmTC_79908/fast"
/usr/bin/make -f CMakeFiles/cmTC_79908.dir/build.make CMakeFiles/cmTC_79908.dir/build
make[1]: Entering directory '/home/stitch0001/catkin_WS/src/project_stitch/CMakeFiles/CMakeTmp'
Building C object CMakeFiles/cmTC_79908.dir/CheckFunctionExists.c.o
/usr/bin/cc   -DCHECK_FUNCTION_EXISTS=pthread_create   -o CMakeFiles/cmTC_79908.dir/CheckFunctionExists.c.o   -c /usr/share/cmake-3.10/Modules/CheckFunctionExists.c
Linking C executable cmTC_79908
/usr/bin/cmake -E cmake_link_script CMakeFiles/cmTC_79908.dir/link.txt --verbose=1
/usr/bin/cc  -DCHECK_FUNCTION_EXISTS=pthread_create    -rdynamic CMakeFiles/cmTC_79908.dir/CheckFunctionExists.c.o  -o cmTC_79908 -lpthreads 
/usr/bin/ld: cannot find -lpthreads
collect2: error: ld returned 1 exit status
CMakeFiles/cmTC_79908.dir/build.make:97: recipe for target 'cmTC_79908' failed
make[1]: *** [cmTC_79908] Error 1
make[1]: Leaving directory '/home/stitch0001/catkin_WS/src/project_stitch/CMakeFiles/CMakeTmp'
Makefile:126: recipe for target 'cmTC_79908/fast' failed
make: *** [cmTC_79908/fast] Error 2


Determining if the pthread_create exist failed with the following output:
Change Dir: /home/stitch0001/catkin_WS/src/project_stitch/CMakeFiles/CMakeTmp

Run Build Command:"/usr/bin/make" "cmTC_e97ed/fast"
/usr/bin/make -f CMakeFiles/cmTC_e97ed.dir/build.make CMakeFiles/cmTC_e97ed.dir/build
make[1]: Entering directory '/home/stitch0001/catkin_WS/src/project_stitch/CMakeFiles/CMakeTmp'
Building C object CMakeFiles/cmTC_e97ed.dir/CheckSymbolExists.c.o
/usr/bin/cc    -o CMakeFiles/cmTC_e97ed.dir/CheckSymbolExists.c.o   -c /home/stitch0001/catkin_WS/src/project_stitch/CMakeFiles/CMakeTmp/CheckSymbolExists.c
Linking C executable cmTC_e97ed
/usr/bin/cmake -E cmake_link_script CMakeFiles/cmTC_e97ed.dir/link.txt --verbose=1
/usr/bin/cc      -rdynamic CMakeFiles/cmTC_e97ed.dir/CheckSymbolExists.c.o  -o cmTC_e97ed 
CMakeFiles/cmTC_e97ed.dir/CheckSymbolExists.c.o: In function `main':
CheckSymbolExists.c:(.text+0x14): undefined reference to `pthread_create'
CheckSymbolExists.c:(.text+0x18): undefined reference to `pthread_create'
collect2: error: ld returned 1 exit status
CMakeFiles/cmTC_e97ed.dir/build.make:97: recipe for target 'cmTC_e97ed' failed
make[1]: *** [cmTC_e97ed] Error 1
make[1]: Leaving directory '/home/stitch0001/catkin_WS/src/project_stitch/CMakeFiles/CMakeTmp'
Makefile:126: recipe for target 'cmTC_e97ed/fast' failed
make: *** [cmTC_e97ed/fast] Error 2

File /home/stitch0001/catkin_WS/src/project_stitch/CMakeFiles/CMakeTmp/CheckSymbolExists.c:
/* */
#include <pthread.h>

int main(int argc, char** argv)
{
  (void)argv;
#ifndef pthread_create
  return ((int*)(&pthread_create))[argc];
#else
  (void)argc;
  return 0;
#endif
}

Determining if the function pthread_create exists in the pthreads failed with the following output:
Change Dir: /home/stitch0001/catkin_WS/src/project_stitch/CMakeFiles/CMakeTmp

Run Build Command:"/usr/bin/make" "cmTC_206bb/fast"
/usr/bin/make -f CMakeFiles/cmTC_206bb.dir/build.make CMakeFiles/cmTC_206bb.dir/build
make[1]: Entering directory '/home/stitch0001/catkin_WS/src/project_stitch/CMakeFiles/CMakeTmp'
Building C object CMakeFiles/cmTC_206bb.dir/CheckFunctionExists.c.o
/usr/bin/cc   -DCHECK_FUNCTION_EXISTS=pthread_create   -o CMakeFiles/cmTC_206bb.dir/CheckFunctionExists.c.o   -c /usr/share/cmake-3.10/Modules/CheckFunctionExists.c
Linking C executable cmTC_206bb
/usr/bin/cmake -E cmake_link_script CMakeFiles/cmTC_206bb.dir/link.txt --verbose=1
/usr/bin/cc  -DCHECK_FUNCTION_EXISTS=pthread_create    -rdynamic CMakeFiles/cmTC_206bb.dir/CheckFunctionExists.c.o  -o cmTC_206bb -lpthreads 
/usr/bin/ld: cannot find -lpthreads
collect2: error: ld returned 1 exit status
CMakeFiles/cmTC_206bb.dir/build.make:97: recipe for target 'cmTC_206bb' failed
make[1]: *** [cmTC_206bb] Error 1
make[1]: Leaving directory '/home/stitch0001/catkin_WS/src/project_stitch/CMakeFiles/CMakeTmp'
Makefile:126: recipe for target 'cmTC_206bb/fast' failed
make: *** [cmTC_206bb/fast] Error 2


