Determining if the pthread_create exist failed with the following output:
Change Dir: /home/stitch0001/catkin_WS/src/web_video_server/CMakeFiles/CMakeTmp

Run Build Command:"/usr/bin/make" "cmTC_a0b17/fast"
/usr/bin/make -f CMakeFiles/cmTC_a0b17.dir/build.make CMakeFiles/cmTC_a0b17.dir/build
make[1]: Entering directory '/home/stitch0001/catkin_WS/src/web_video_server/CMakeFiles/CMakeTmp'
Building C object CMakeFiles/cmTC_a0b17.dir/CheckSymbolExists.c.o
/usr/bin/cc    -o CMakeFiles/cmTC_a0b17.dir/CheckSymbolExists.c.o   -c /home/stitch0001/catkin_WS/src/web_video_server/CMakeFiles/CMakeTmp/CheckSymbolExists.c
Linking C executable cmTC_a0b17
/usr/bin/cmake -E cmake_link_script CMakeFiles/cmTC_a0b17.dir/link.txt --verbose=1
/usr/bin/cc      -rdynamic CMakeFiles/cmTC_a0b17.dir/CheckSymbolExists.c.o  -o cmTC_a0b17 
CMakeFiles/cmTC_a0b17.dir/CheckSymbolExists.c.o: In function `main':
CheckSymbolExists.c:(.text+0x14): undefined reference to `pthread_create'
CheckSymbolExists.c:(.text+0x18): undefined reference to `pthread_create'
collect2: error: ld returned 1 exit status
CMakeFiles/cmTC_a0b17.dir/build.make:97: recipe for target 'cmTC_a0b17' failed
make[1]: *** [cmTC_a0b17] Error 1
make[1]: Leaving directory '/home/stitch0001/catkin_WS/src/web_video_server/CMakeFiles/CMakeTmp'
Makefile:126: recipe for target 'cmTC_a0b17/fast' failed
make: *** [cmTC_a0b17/fast] Error 2

File /home/stitch0001/catkin_WS/src/web_video_server/CMakeFiles/CMakeTmp/CheckSymbolExists.c:
/* */
#include <pthread.h>

int main(int argc, char** argv)
{
  (void)argv;
#ifndef pthread_create
  return ((int*)(&pthread_create))[argc];
#else
  (void)argc;
  return 0;
#endif
}

Determining if the function pthread_create exists in the pthreads failed with the following output:
Change Dir: /home/stitch0001/catkin_WS/src/web_video_server/CMakeFiles/CMakeTmp

Run Build Command:"/usr/bin/make" "cmTC_d3b2f/fast"
/usr/bin/make -f CMakeFiles/cmTC_d3b2f.dir/build.make CMakeFiles/cmTC_d3b2f.dir/build
make[1]: Entering directory '/home/stitch0001/catkin_WS/src/web_video_server/CMakeFiles/CMakeTmp'
Building C object CMakeFiles/cmTC_d3b2f.dir/CheckFunctionExists.c.o
/usr/bin/cc   -DCHECK_FUNCTION_EXISTS=pthread_create   -o CMakeFiles/cmTC_d3b2f.dir/CheckFunctionExists.c.o   -c /usr/share/cmake-3.10/Modules/CheckFunctionExists.c
Linking C executable cmTC_d3b2f
/usr/bin/cmake -E cmake_link_script CMakeFiles/cmTC_d3b2f.dir/link.txt --verbose=1
/usr/bin/cc  -DCHECK_FUNCTION_EXISTS=pthread_create    -rdynamic CMakeFiles/cmTC_d3b2f.dir/CheckFunctionExists.c.o  -o cmTC_d3b2f -lpthreads 
/usr/bin/ld: cannot find -lpthreads
collect2: error: ld returned 1 exit status
CMakeFiles/cmTC_d3b2f.dir/build.make:97: recipe for target 'cmTC_d3b2f' failed
make[1]: *** [cmTC_d3b2f] Error 1
make[1]: Leaving directory '/home/stitch0001/catkin_WS/src/web_video_server/CMakeFiles/CMakeTmp'
Makefile:126: recipe for target 'cmTC_d3b2f/fast' failed
make: *** [cmTC_d3b2f/fast] Error 2


Determining if the pthread_create exist failed with the following output:
Change Dir: /home/stitch0001/catkin_WS/src/stitch_video_server/CMakeFiles/CMakeTmp

Run Build Command:"/usr/bin/make" "cmTC_4630c/fast"
/usr/bin/make -f CMakeFiles/cmTC_4630c.dir/build.make CMakeFiles/cmTC_4630c.dir/build
make[1]: Entering directory '/home/stitch0001/catkin_WS/src/stitch_video_server/CMakeFiles/CMakeTmp'
Building C object CMakeFiles/cmTC_4630c.dir/CheckSymbolExists.c.o
/usr/bin/cc    -o CMakeFiles/cmTC_4630c.dir/CheckSymbolExists.c.o   -c /home/stitch0001/catkin_WS/src/stitch_video_server/CMakeFiles/CMakeTmp/CheckSymbolExists.c
Linking C executable cmTC_4630c
/usr/bin/cmake -E cmake_link_script CMakeFiles/cmTC_4630c.dir/link.txt --verbose=1
/usr/bin/cc      -rdynamic CMakeFiles/cmTC_4630c.dir/CheckSymbolExists.c.o  -o cmTC_4630c 
CMakeFiles/cmTC_4630c.dir/CheckSymbolExists.c.o: In function `main':
CheckSymbolExists.c:(.text+0x14): undefined reference to `pthread_create'
CheckSymbolExists.c:(.text+0x18): undefined reference to `pthread_create'
collect2: error: ld returned 1 exit status
CMakeFiles/cmTC_4630c.dir/build.make:97: recipe for target 'cmTC_4630c' failed
make[1]: *** [cmTC_4630c] Error 1
make[1]: Leaving directory '/home/stitch0001/catkin_WS/src/stitch_video_server/CMakeFiles/CMakeTmp'
Makefile:126: recipe for target 'cmTC_4630c/fast' failed
make: *** [cmTC_4630c/fast] Error 2

File /home/stitch0001/catkin_WS/src/stitch_video_server/CMakeFiles/CMakeTmp/CheckSymbolExists.c:
/* */
#include <pthread.h>

int main(int argc, char** argv)
{
  (void)argv;
#ifndef pthread_create
  return ((int*)(&pthread_create))[argc];
#else
  (void)argc;
  return 0;
#endif
}

Determining if the function pthread_create exists in the pthreads failed with the following output:
Change Dir: /home/stitch0001/catkin_WS/src/stitch_video_server/CMakeFiles/CMakeTmp

Run Build Command:"/usr/bin/make" "cmTC_1fc60/fast"
/usr/bin/make -f CMakeFiles/cmTC_1fc60.dir/build.make CMakeFiles/cmTC_1fc60.dir/build
make[1]: Entering directory '/home/stitch0001/catkin_WS/src/stitch_video_server/CMakeFiles/CMakeTmp'
Building C object CMakeFiles/cmTC_1fc60.dir/CheckFunctionExists.c.o
/usr/bin/cc   -DCHECK_FUNCTION_EXISTS=pthread_create   -o CMakeFiles/cmTC_1fc60.dir/CheckFunctionExists.c.o   -c /usr/share/cmake-3.10/Modules/CheckFunctionExists.c
Linking C executable cmTC_1fc60
/usr/bin/cmake -E cmake_link_script CMakeFiles/cmTC_1fc60.dir/link.txt --verbose=1
/usr/bin/cc  -DCHECK_FUNCTION_EXISTS=pthread_create    -rdynamic CMakeFiles/cmTC_1fc60.dir/CheckFunctionExists.c.o  -o cmTC_1fc60 -lpthreads 
/usr/bin/ld: cannot find -lpthreads
collect2: error: ld returned 1 exit status
CMakeFiles/cmTC_1fc60.dir/build.make:97: recipe for target 'cmTC_1fc60' failed
make[1]: *** [cmTC_1fc60] Error 1
make[1]: Leaving directory '/home/stitch0001/catkin_WS/src/stitch_video_server/CMakeFiles/CMakeTmp'
Makefile:126: recipe for target 'cmTC_1fc60/fast' failed
make: *** [cmTC_1fc60/fast] Error 2


