Determining if the pthread_create exist failed with the following output:
Change Dir: /home/schleptech2/catkin_WS/src/CMakeFiles/CMakeTmp

Run Build Command:"/usr/bin/make" "cmTC_0c533/fast"
/usr/bin/make -f CMakeFiles/cmTC_0c533.dir/build.make CMakeFiles/cmTC_0c533.dir/build
make[1]: Entering directory '/home/schleptech2/catkin_WS/src/CMakeFiles/CMakeTmp'
Building C object CMakeFiles/cmTC_0c533.dir/CheckSymbolExists.c.o
/usr/bin/cc    -o CMakeFiles/cmTC_0c533.dir/CheckSymbolExists.c.o   -c /home/schleptech2/catkin_WS/src/CMakeFiles/CMakeTmp/CheckSymbolExists.c
Linking C executable cmTC_0c533
/usr/bin/cmake -E cmake_link_script CMakeFiles/cmTC_0c533.dir/link.txt --verbose=1
/usr/bin/cc      -rdynamic CMakeFiles/cmTC_0c533.dir/CheckSymbolExists.c.o  -o cmTC_0c533 
CMakeFiles/cmTC_0c533.dir/CheckSymbolExists.c.o: In function `main':
CheckSymbolExists.c:(.text+0x14): undefined reference to `pthread_create'
CheckSymbolExists.c:(.text+0x18): undefined reference to `pthread_create'
collect2: error: ld returned 1 exit status
CMakeFiles/cmTC_0c533.dir/build.make:97: recipe for target 'cmTC_0c533' failed
make[1]: *** [cmTC_0c533] Error 1
make[1]: Leaving directory '/home/schleptech2/catkin_WS/src/CMakeFiles/CMakeTmp'
Makefile:126: recipe for target 'cmTC_0c533/fast' failed
make: *** [cmTC_0c533/fast] Error 2

File /home/schleptech2/catkin_WS/src/CMakeFiles/CMakeTmp/CheckSymbolExists.c:
/* */
#include <pthread.h>

int main(int argc, char** argv)
{
  (void)argv;
#ifndef pthread_create
  return ((int*)(&pthread_create))[argc];
#else
  (void)argc;
  return 0;
#endif
}

Determining if the function pthread_create exists in the pthreads failed with the following output:
Change Dir: /home/schleptech2/catkin_WS/src/CMakeFiles/CMakeTmp

Run Build Command:"/usr/bin/make" "cmTC_b57f2/fast"
/usr/bin/make -f CMakeFiles/cmTC_b57f2.dir/build.make CMakeFiles/cmTC_b57f2.dir/build
make[1]: Entering directory '/home/schleptech2/catkin_WS/src/CMakeFiles/CMakeTmp'
Building C object CMakeFiles/cmTC_b57f2.dir/CheckFunctionExists.c.o
/usr/bin/cc   -DCHECK_FUNCTION_EXISTS=pthread_create   -o CMakeFiles/cmTC_b57f2.dir/CheckFunctionExists.c.o   -c /usr/share/cmake-3.10/Modules/CheckFunctionExists.c
Linking C executable cmTC_b57f2
/usr/bin/cmake -E cmake_link_script CMakeFiles/cmTC_b57f2.dir/link.txt --verbose=1
/usr/bin/cc  -DCHECK_FUNCTION_EXISTS=pthread_create    -rdynamic CMakeFiles/cmTC_b57f2.dir/CheckFunctionExists.c.o  -o cmTC_b57f2 -lpthreads 
/usr/bin/ld: cannot find -lpthreads
collect2: error: ld returned 1 exit status
CMakeFiles/cmTC_b57f2.dir/build.make:97: recipe for target 'cmTC_b57f2' failed
make[1]: *** [cmTC_b57f2] Error 1
make[1]: Leaving directory '/home/schleptech2/catkin_WS/src/CMakeFiles/CMakeTmp'
Makefile:126: recipe for target 'cmTC_b57f2/fast' failed
make: *** [cmTC_b57f2/fast] Error 2


Determining if the pthread_create exist failed with the following output:
Change Dir: /home/stitch0001/catkin_WS/src/CMakeFiles/CMakeTmp

Run Build Command:"/usr/bin/make" "cmTC_ac8bc/fast"
/usr/bin/make -f CMakeFiles/cmTC_ac8bc.dir/build.make CMakeFiles/cmTC_ac8bc.dir/build
make[1]: Entering directory '/home/stitch0001/catkin_WS/src/CMakeFiles/CMakeTmp'
Building C object CMakeFiles/cmTC_ac8bc.dir/CheckSymbolExists.c.o
/usr/bin/cc    -o CMakeFiles/cmTC_ac8bc.dir/CheckSymbolExists.c.o   -c /home/stitch0001/catkin_WS/src/CMakeFiles/CMakeTmp/CheckSymbolExists.c
Linking C executable cmTC_ac8bc
/usr/bin/cmake -E cmake_link_script CMakeFiles/cmTC_ac8bc.dir/link.txt --verbose=1
/usr/bin/cc      -rdynamic CMakeFiles/cmTC_ac8bc.dir/CheckSymbolExists.c.o  -o cmTC_ac8bc 
CMakeFiles/cmTC_ac8bc.dir/CheckSymbolExists.c.o: In function `main':
CheckSymbolExists.c:(.text+0x14): undefined reference to `pthread_create'
CheckSymbolExists.c:(.text+0x18): undefined reference to `pthread_create'
collect2: error: ld returned 1 exit status
CMakeFiles/cmTC_ac8bc.dir/build.make:97: recipe for target 'cmTC_ac8bc' failed
make[1]: *** [cmTC_ac8bc] Error 1
make[1]: Leaving directory '/home/stitch0001/catkin_WS/src/CMakeFiles/CMakeTmp'
Makefile:126: recipe for target 'cmTC_ac8bc/fast' failed
make: *** [cmTC_ac8bc/fast] Error 2

File /home/stitch0001/catkin_WS/src/CMakeFiles/CMakeTmp/CheckSymbolExists.c:
/* */
#include <pthread.h>

int main(int argc, char** argv)
{
  (void)argv;
#ifndef pthread_create
  return ((int*)(&pthread_create))[argc];
#else
  (void)argc;
  return 0;
#endif
}

Determining if the function pthread_create exists in the pthreads failed with the following output:
Change Dir: /home/stitch0001/catkin_WS/src/CMakeFiles/CMakeTmp

Run Build Command:"/usr/bin/make" "cmTC_7dead/fast"
/usr/bin/make -f CMakeFiles/cmTC_7dead.dir/build.make CMakeFiles/cmTC_7dead.dir/build
make[1]: Entering directory '/home/stitch0001/catkin_WS/src/CMakeFiles/CMakeTmp'
Building C object CMakeFiles/cmTC_7dead.dir/CheckFunctionExists.c.o
/usr/bin/cc   -DCHECK_FUNCTION_EXISTS=pthread_create   -o CMakeFiles/cmTC_7dead.dir/CheckFunctionExists.c.o   -c /usr/share/cmake-3.10/Modules/CheckFunctionExists.c
Linking C executable cmTC_7dead
/usr/bin/cmake -E cmake_link_script CMakeFiles/cmTC_7dead.dir/link.txt --verbose=1
/usr/bin/cc  -DCHECK_FUNCTION_EXISTS=pthread_create    -rdynamic CMakeFiles/cmTC_7dead.dir/CheckFunctionExists.c.o  -o cmTC_7dead -lpthreads 
/usr/bin/ld: cannot find -lpthreads
collect2: error: ld returned 1 exit status
CMakeFiles/cmTC_7dead.dir/build.make:97: recipe for target 'cmTC_7dead' failed
make[1]: *** [cmTC_7dead] Error 1
make[1]: Leaving directory '/home/stitch0001/catkin_WS/src/CMakeFiles/CMakeTmp'
Makefile:126: recipe for target 'cmTC_7dead/fast' failed
make: *** [cmTC_7dead/fast] Error 2


